<?xml version="1.0" encoding="UTF-8"?>
<!-- Generated by org.testng.reporters.JUnitReportReporter -->
<testsuite hostname="DESKTOP-5EVK54D" failures="0" tests="3" name="runner.CampaignRunner" time="0.636" errors="0" timestamp="2023-07-06T20:45:51 IST" skipped="0">
  <testcase classname="runner.CampaignRunner" name="runScenario" time="0.114"/>
  <system-out/>
  <testcase classname="runner.CampaignRunner" name="runScenario" time="0.122"/>
  <system-out/>
  <testcase classname="runner.CampaignRunner" name="runScenario" time="0.400"/>
  <system-out/>
</testsuite> <!-- runner.CampaignRunner -->
