<?xml version="1.0" encoding="UTF-8"?>
<!-- Generated by org.testng.reporters.JUnitReportReporter -->
<testsuite hostname="DESKTOP-5EVK54D" failures="0" tests="1" name="runner.LoginRunner" time="0.322" errors="0" timestamp="2023-06-29T20:38:39 IST" skipped="0">
  <testcase classname="runner.LoginRunner" name="runScenario" time="0.322"/>
  <system-out/>
</testsuite> <!-- runner.LoginRunner -->
