<?xml version="1.0" encoding="UTF-8"?>
<!-- Generated by org.testng.reporters.JUnitReportReporter -->
<testsuite hostname="DESKTOP-5EVK54D" failures="0" tests="3" name="runner.ProfileRunner" time="0.911" errors="0" timestamp="2023-07-05T20:28:47 IST" skipped="0">
  <testcase classname="runner.ProfileRunner" name="runScenario" time="0.151"/>
  <system-out/>
  <testcase classname="runner.ProfileRunner" name="runScenario" time="0.117"/>
  <system-out/>
  <testcase classname="runner.ProfileRunner" name="runScenario" time="0.643"/>
  <system-out/>
</testsuite> <!-- runner.ProfileRunner -->
