<?xml version="1.0" encoding="UTF-8"?>
<!-- Generated by org.testng.reporters.JUnitReportReporter -->
<testsuite hostname="DESKTOP-5EVK54D" failures="0" tests="1" name="runner.LandingRunner" time="0.303" errors="0" timestamp="2023-06-30T20:24:50 IST" skipped="0">
  <testcase classname="runner.LandingRunner" name="runScenario" time="0.303"/>
  <system-out/>
</testsuite> <!-- runner.LandingRunner -->
