<?xml version="1.0" encoding="UTF-8"?>
<!-- Generated by org.testng.reporters.JUnitReportReporter -->
<testsuite hostname="DESKTOP-5EVK54D" failures="0" tests="1" name="runner.RegistrationRunner" time="0.299" errors="0" timestamp="2023-07-04T20:50:41 IST" skipped="0">
  <testcase classname="runner.RegistrationRunner" name="runScenario" time="0.299"/>
  <system-out/>
</testsuite> <!-- runner.RegistrationRunner -->
