<?xml version="1.0" encoding="UTF-8"?>
<!-- Generated by org.testng.reporters.JUnitReportReporter -->
<testsuite hostname="DESKTOP-5EVK54D" failures="0" tests="3" name="runner.OrdersRunner" time="0.300" errors="0" timestamp="2023-06-30T21:27:28 IST" skipped="0">
  <testcase classname="runner.OrdersRunner" name="runScenario" time="0.028"/>
  <system-out/>
  <testcase classname="runner.OrdersRunner" name="runScenario" time="0.241"/>
  <system-out/>
  <testcase classname="runner.OrdersRunner" name="runScenario" time="0.031"/>
  <system-out/>
</testsuite> <!-- runner.OrdersRunner -->
